

================================================================
== Vivado HLS Report for 'myproject'
================================================================
* Date:           Wed Feb 21 17:51:24 2024

* Version:        2020.1 (Build 2897737 on Wed May 27 20:21:37 MDT 2020)
* Project:        myproject_prj
* Solution:       solution1
* Product family: zynq
* Target device:  xc7z020-clg400-1


================================================================
== Performance Estimates
================================================================
+ Timing: 
    * Summary: 
    +--------+---------+----------+------------+
    |  Clock |  Target | Estimated| Uncertainty|
    +--------+---------+----------+------------+
    |ap_clk  | 5.00 ns | 5.019 ns |   0.62 ns  |
    +--------+---------+----------+------------+

+ Latency: 
    * Summary: 
    +---------+---------+----------+----------+-----+-----+----------+
    |  Latency (cycles) |  Latency (absolute) |  Interval | Pipeline |
    |   min   |   max   |    min   |    max   | min | max |   Type   |
    +---------+---------+----------+----------+-----+-----+----------+
    |      103|      103| 0.517 us | 0.517 us |   92|   92| dataflow |
    +---------+---------+----------+----------+-----+-----+----------+

    + Detail: 
        * Instance: 
        +-------------------------------------------------------------------------+------------------------------------------------------------------------+---------+---------+-----------+-----------+-----+-----+----------+
        |                                                                         |                                                                        |  Latency (cycles) |   Latency (absolute)  |  Interval | Pipeline |
        |                                 Instance                                |                                 Module                                 |   min   |   max   |    min    |    max    | min | max |   Type   |
        +-------------------------------------------------------------------------+------------------------------------------------------------------------+---------+---------+-----------+-----------+-----+-----+----------+
        |dense_array_ap_ufixed_8u_array_ap_fixed_16_6_5_3_0_16u_config7_U0        |dense_array_ap_ufixed_8u_array_ap_fixed_16_6_5_3_0_16u_config7_s        |       29|       29|  0.146 us |  0.146 us |   29|   29|   none   |
        |conv_2d_cl_array_ap_fixed_1u_array_ap_fixed_16_6_5_3_0_8u_config3_U0     |conv_2d_cl_array_ap_fixed_1u_array_ap_fixed_16_6_5_3_0_8u_config3_s     |       87|       87|  0.437 us |  0.437 us |   87|   87|   none   |
        |relu_array_ap_fixed_16u_array_ap_ufixed_9_1_4_0_0_16u_relu_config9_U0    |relu_array_ap_fixed_16u_array_ap_ufixed_9_1_4_0_0_16u_relu_config9_s    |        2|        2| 10.038 ns | 10.038 ns |    1|    1| function |
        |relu_array_ap_fixed_8u_array_ap_ufixed_12_3_4_0_0_8u_relu_config5_U0     |relu_array_ap_fixed_8u_array_ap_ufixed_12_3_4_0_0_8u_relu_config5_s     |       20|       20|  0.100 us |  0.100 us |   20|   20|   none   |
        |zeropad2d_cl_array_ap_fixed_1u_array_ap_fixed_11_4_4_0_0_1u_config10_U0  |zeropad2d_cl_array_ap_fixed_1u_array_ap_fixed_11_4_4_0_0_1u_config10_s  |       91|       91|  0.457 us |  0.457 us |   91|   91|   none   |
        +-------------------------------------------------------------------------+------------------------------------------------------------------------+---------+---------+-----------+-----------+-----+-----+----------+

        * Loop: 
        N/A



================================================================
== Utilization Estimates
================================================================
* Summary: 
+-----------------+---------+-------+--------+-------+-----+
|       Name      | BRAM_18K| DSP48E|   FF   |  LUT  | URAM|
+-----------------+---------+-------+--------+-------+-----+
|DSP              |        -|      -|       -|      -|    -|
|Expression       |        -|      -|       0|      2|    -|
|FIFO             |        1|      -|     226|    990|    -|
|Instance         |        0|    132|   33973|  58903|    -|
|Memory           |        -|      -|       -|      -|    -|
|Multiplexer      |        -|      -|       -|      -|    -|
|Register         |        -|      -|       -|      -|    -|
+-----------------+---------+-------+--------+-------+-----+
|Total            |        1|    132|   34199|  59895|    0|
+-----------------+---------+-------+--------+-------+-----+
|Available        |      280|    220|  106400|  53200|    0|
+-----------------+---------+-------+--------+-------+-----+
|Utilization (%)  |    ~0   |     60|      32|    112|    0|
+-----------------+---------+-------+--------+-------+-----+

+ Detail: 
    * Instance: 
    +-------------------------------------------------------------------------+------------------------------------------------------------------------+---------+-------+-------+-------+-----+
    |                                 Instance                                |                                 Module                                 | BRAM_18K| DSP48E|   FF  |  LUT  | URAM|
    +-------------------------------------------------------------------------+------------------------------------------------------------------------+---------+-------+-------+-------+-----+
    |conv_2d_cl_array_ap_fixed_1u_array_ap_fixed_16_6_5_3_0_8u_config3_U0     |conv_2d_cl_array_ap_fixed_1u_array_ap_fixed_16_6_5_3_0_8u_config3_s     |        0|      8|   2021|   2455|    0|
    |dense_array_ap_ufixed_8u_array_ap_fixed_16_6_5_3_0_16u_config7_U0        |dense_array_ap_ufixed_8u_array_ap_fixed_16_6_5_3_0_16u_config7_s        |        0|    124|  31079|  53826|    0|
    |relu_array_ap_fixed_16u_array_ap_ufixed_9_1_4_0_0_16u_relu_config9_U0    |relu_array_ap_fixed_16u_array_ap_ufixed_9_1_4_0_0_16u_relu_config9_s    |        0|      0|    436|   1557|    0|
    |relu_array_ap_fixed_8u_array_ap_ufixed_12_3_4_0_0_8u_relu_config5_U0     |relu_array_ap_fixed_8u_array_ap_ufixed_12_3_4_0_0_8u_relu_config5_s     |        0|      0|    415|    884|    0|
    |zeropad2d_cl_array_ap_fixed_1u_array_ap_fixed_11_4_4_0_0_1u_config10_U0  |zeropad2d_cl_array_ap_fixed_1u_array_ap_fixed_11_4_4_0_0_1u_config10_s  |        0|      0|     22|    181|    0|
    +-------------------------------------------------------------------------+------------------------------------------------------------------------+---------+-------+-------+-------+-----+
    |Total                                                                    |                                                                        |        0|    132|  33973|  58903|    0|
    +-------------------------------------------------------------------------+------------------------------------------------------------------------+---------+-------+-------+-------+-----+

    * DSP48E: 
    N/A

    * Memory: 
    N/A

    * FIFO: 
    +--------------------------+---------+----+----+-----+------+-----+---------+
    |           Name           | BRAM_18K| FF | LUT| URAM| Depth| Bits| Size:D*B|
    +--------------------------+---------+----+----+-----+------+-----+---------+
    |layer10_out_V_data_0_V_U  |        1|  34|   0|    -|    81|   11|      891|
    |layer3_out_V_data_0_V_U   |        0|   7|   0|    -|    16|   16|      256|
    |layer3_out_V_data_1_V_U   |        0|   7|   0|    -|    16|   16|      256|
    |layer3_out_V_data_2_V_U   |        0|   7|   0|    -|    16|   16|      256|
    |layer3_out_V_data_3_V_U   |        0|   7|   0|    -|    16|   16|      256|
    |layer3_out_V_data_4_V_U   |        0|   7|   0|    -|    16|   16|      256|
    |layer3_out_V_data_5_V_U   |        0|   7|   0|    -|    16|   16|      256|
    |layer3_out_V_data_6_V_U   |        0|   7|   0|    -|    16|   16|      256|
    |layer3_out_V_data_7_V_U   |        0|   7|   0|    -|    16|   16|      256|
    |layer5_out_V_data_0_V_U   |        0|   7|   0|    -|    16|   12|      192|
    |layer5_out_V_data_1_V_U   |        0|   7|   0|    -|    16|   12|      192|
    |layer5_out_V_data_2_V_U   |        0|   7|   0|    -|    16|   12|      192|
    |layer5_out_V_data_3_V_U   |        0|   7|   0|    -|    16|   12|      192|
    |layer5_out_V_data_4_V_U   |        0|   7|   0|    -|    16|   12|      192|
    |layer5_out_V_data_5_V_U   |        0|   7|   0|    -|    16|   12|      192|
    |layer5_out_V_data_6_V_U   |        0|   7|   0|    -|    16|   12|      192|
    |layer5_out_V_data_7_V_U   |        0|   7|   0|    -|    16|   12|      192|
    |layer7_out_V_data_0_V_U   |        0|   5|   0|    -|     1|   16|       16|
    |layer7_out_V_data_10_V_U  |        0|   5|   0|    -|     1|   16|       16|
    |layer7_out_V_data_11_V_U  |        0|   5|   0|    -|     1|   16|       16|
    |layer7_out_V_data_12_V_U  |        0|   5|   0|    -|     1|   16|       16|
    |layer7_out_V_data_13_V_U  |        0|   5|   0|    -|     1|   16|       16|
    |layer7_out_V_data_14_V_U  |        0|   5|   0|    -|     1|   16|       16|
    |layer7_out_V_data_15_V_U  |        0|   5|   0|    -|     1|   16|       16|
    |layer7_out_V_data_1_V_U   |        0|   5|   0|    -|     1|   16|       16|
    |layer7_out_V_data_2_V_U   |        0|   5|   0|    -|     1|   16|       16|
    |layer7_out_V_data_3_V_U   |        0|   5|   0|    -|     1|   16|       16|
    |layer7_out_V_data_4_V_U   |        0|   5|   0|    -|     1|   16|       16|
    |layer7_out_V_data_5_V_U   |        0|   5|   0|    -|     1|   16|       16|
    |layer7_out_V_data_6_V_U   |        0|   5|   0|    -|     1|   16|       16|
    |layer7_out_V_data_7_V_U   |        0|   5|   0|    -|     1|   16|       16|
    |layer7_out_V_data_8_V_U   |        0|   5|   0|    -|     1|   16|       16|
    |layer7_out_V_data_9_V_U   |        0|   5|   0|    -|     1|   16|       16|
    +--------------------------+---------+----+----+-----+------+-----+---------+
    |Total                     |        1| 226|   0|    0|   353|  491|     4731|
    +--------------------------+---------+----+----+-----+------+-----+---------+

    * Expression: 
    +--------------+----------+-------+---+----+------------+------------+
    | Variable Name| Operation| DSP48E| FF| LUT| Bitwidth P0| Bitwidth P1|
    +--------------+----------+-------+---+----+------------+------------+
    |ap_idle       |    and   |      0|  0|   2|           1|           1|
    +--------------+----------+-------+---+----+------------+------------+
    |Total         |          |      0|  0|   2|           1|           1|
    +--------------+----------+-------+---+----+------------+------------+

    * Multiplexer: 
    N/A

    * Register: 
    N/A



================================================================
== Interface
================================================================
* Summary: 
+-------------------------------+-----+-----+------------+------------------------+--------------+
|           RTL Ports           | Dir | Bits|  Protocol  |      Source Object     |    C Type    |
+-------------------------------+-----+-----+------------+------------------------+--------------+
|input_1_V_data_0_V_TDATA       |  in |   16|    axis    |   input_1_V_data_0_V   |    pointer   |
|input_1_V_data_0_V_TVALID      |  in |    1|    axis    |   input_1_V_data_0_V   |    pointer   |
|input_1_V_data_0_V_TREADY      | out |    1|    axis    |   input_1_V_data_0_V   |    pointer   |
|layer9_out_V_data_0_V_TDATA    | out |   16|    axis    |  layer9_out_V_data_0_V |    pointer   |
|layer9_out_V_data_0_V_TVALID   | out |    1|    axis    |  layer9_out_V_data_0_V |    pointer   |
|layer9_out_V_data_0_V_TREADY   |  in |    1|    axis    |  layer9_out_V_data_0_V |    pointer   |
|layer9_out_V_data_1_V_TDATA    | out |   16|    axis    |  layer9_out_V_data_1_V |    pointer   |
|layer9_out_V_data_1_V_TVALID   | out |    1|    axis    |  layer9_out_V_data_1_V |    pointer   |
|layer9_out_V_data_1_V_TREADY   |  in |    1|    axis    |  layer9_out_V_data_1_V |    pointer   |
|layer9_out_V_data_2_V_TDATA    | out |   16|    axis    |  layer9_out_V_data_2_V |    pointer   |
|layer9_out_V_data_2_V_TVALID   | out |    1|    axis    |  layer9_out_V_data_2_V |    pointer   |
|layer9_out_V_data_2_V_TREADY   |  in |    1|    axis    |  layer9_out_V_data_2_V |    pointer   |
|layer9_out_V_data_3_V_TDATA    | out |   16|    axis    |  layer9_out_V_data_3_V |    pointer   |
|layer9_out_V_data_3_V_TVALID   | out |    1|    axis    |  layer9_out_V_data_3_V |    pointer   |
|layer9_out_V_data_3_V_TREADY   |  in |    1|    axis    |  layer9_out_V_data_3_V |    pointer   |
|layer9_out_V_data_4_V_TDATA    | out |   16|    axis    |  layer9_out_V_data_4_V |    pointer   |
|layer9_out_V_data_4_V_TVALID   | out |    1|    axis    |  layer9_out_V_data_4_V |    pointer   |
|layer9_out_V_data_4_V_TREADY   |  in |    1|    axis    |  layer9_out_V_data_4_V |    pointer   |
|layer9_out_V_data_5_V_TDATA    | out |   16|    axis    |  layer9_out_V_data_5_V |    pointer   |
|layer9_out_V_data_5_V_TVALID   | out |    1|    axis    |  layer9_out_V_data_5_V |    pointer   |
|layer9_out_V_data_5_V_TREADY   |  in |    1|    axis    |  layer9_out_V_data_5_V |    pointer   |
|layer9_out_V_data_6_V_TDATA    | out |   16|    axis    |  layer9_out_V_data_6_V |    pointer   |
|layer9_out_V_data_6_V_TVALID   | out |    1|    axis    |  layer9_out_V_data_6_V |    pointer   |
|layer9_out_V_data_6_V_TREADY   |  in |    1|    axis    |  layer9_out_V_data_6_V |    pointer   |
|layer9_out_V_data_7_V_TDATA    | out |   16|    axis    |  layer9_out_V_data_7_V |    pointer   |
|layer9_out_V_data_7_V_TVALID   | out |    1|    axis    |  layer9_out_V_data_7_V |    pointer   |
|layer9_out_V_data_7_V_TREADY   |  in |    1|    axis    |  layer9_out_V_data_7_V |    pointer   |
|layer9_out_V_data_8_V_TDATA    | out |   16|    axis    |  layer9_out_V_data_8_V |    pointer   |
|layer9_out_V_data_8_V_TVALID   | out |    1|    axis    |  layer9_out_V_data_8_V |    pointer   |
|layer9_out_V_data_8_V_TREADY   |  in |    1|    axis    |  layer9_out_V_data_8_V |    pointer   |
|layer9_out_V_data_9_V_TDATA    | out |   16|    axis    |  layer9_out_V_data_9_V |    pointer   |
|layer9_out_V_data_9_V_TVALID   | out |    1|    axis    |  layer9_out_V_data_9_V |    pointer   |
|layer9_out_V_data_9_V_TREADY   |  in |    1|    axis    |  layer9_out_V_data_9_V |    pointer   |
|layer9_out_V_data_10_V_TDATA   | out |   16|    axis    | layer9_out_V_data_10_V |    pointer   |
|layer9_out_V_data_10_V_TVALID  | out |    1|    axis    | layer9_out_V_data_10_V |    pointer   |
|layer9_out_V_data_10_V_TREADY  |  in |    1|    axis    | layer9_out_V_data_10_V |    pointer   |
|layer9_out_V_data_11_V_TDATA   | out |   16|    axis    | layer9_out_V_data_11_V |    pointer   |
|layer9_out_V_data_11_V_TVALID  | out |    1|    axis    | layer9_out_V_data_11_V |    pointer   |
|layer9_out_V_data_11_V_TREADY  |  in |    1|    axis    | layer9_out_V_data_11_V |    pointer   |
|layer9_out_V_data_12_V_TDATA   | out |   16|    axis    | layer9_out_V_data_12_V |    pointer   |
|layer9_out_V_data_12_V_TVALID  | out |    1|    axis    | layer9_out_V_data_12_V |    pointer   |
|layer9_out_V_data_12_V_TREADY  |  in |    1|    axis    | layer9_out_V_data_12_V |    pointer   |
|layer9_out_V_data_13_V_TDATA   | out |   16|    axis    | layer9_out_V_data_13_V |    pointer   |
|layer9_out_V_data_13_V_TVALID  | out |    1|    axis    | layer9_out_V_data_13_V |    pointer   |
|layer9_out_V_data_13_V_TREADY  |  in |    1|    axis    | layer9_out_V_data_13_V |    pointer   |
|layer9_out_V_data_14_V_TDATA   | out |   16|    axis    | layer9_out_V_data_14_V |    pointer   |
|layer9_out_V_data_14_V_TVALID  | out |    1|    axis    | layer9_out_V_data_14_V |    pointer   |
|layer9_out_V_data_14_V_TREADY  |  in |    1|    axis    | layer9_out_V_data_14_V |    pointer   |
|layer9_out_V_data_15_V_TDATA   | out |   16|    axis    | layer9_out_V_data_15_V |    pointer   |
|layer9_out_V_data_15_V_TVALID  | out |    1|    axis    | layer9_out_V_data_15_V |    pointer   |
|layer9_out_V_data_15_V_TREADY  |  in |    1|    axis    | layer9_out_V_data_15_V |    pointer   |
|ap_clk                         |  in |    1| ap_ctrl_hs |        myproject       | return value |
|ap_rst_n                       |  in |    1| ap_ctrl_hs |        myproject       | return value |
|ap_start                       |  in |    1| ap_ctrl_hs |        myproject       | return value |
|ap_done                        | out |    1| ap_ctrl_hs |        myproject       | return value |
|ap_ready                       | out |    1| ap_ctrl_hs |        myproject       | return value |
|ap_idle                        | out |    1| ap_ctrl_hs |        myproject       | return value |
+-------------------------------+-----+-----+------------+------------------------+--------------+

