

================================================================
== Vivado HLS Report for 'relu_array_ap_fixed_16u_array_ap_ufixed_9_1_4_0_0_16u_relu_config9_s'
================================================================
* Date:           Wed Feb 21 17:51:18 2024

* Version:        2020.1 (Build 2897737 on Wed May 27 20:21:37 MDT 2020)
* Project:        myproject_prj
* Solution:       solution1
* Product family: zynq
* Target device:  xc7z020-clg400-1


================================================================
== Performance Estimates
================================================================
+ Timing: 
    * Summary: 
    +--------+---------+----------+------------+
    |  Clock |  Target | Estimated| Uncertainty|
    +--------+---------+----------+------------+
    |ap_clk  | 5.00 ns | 4.011 ns |   0.62 ns  |
    +--------+---------+----------+------------+

+ Latency: 
    * Summary: 
    +---------+---------+-----------+-----------+-----+-----+----------+
    |  Latency (cycles) |   Latency (absolute)  |  Interval | Pipeline |
    |   min   |   max   |    min    |    max    | min | max |   Type   |
    +---------+---------+-----------+-----------+-----+-----+----------+
    |        2|        2| 10.000 ns | 10.000 ns |    1|    1| function |
    +---------+---------+-----------+-----------+-----+-----+----------+

    + Detail: 
        * Instance: 
        N/A

        * Loop: 
        N/A



================================================================
== Utilization Estimates
================================================================
* Summary: 
+-----------------+---------+-------+--------+-------+-----+
|       Name      | BRAM_18K| DSP48E|   FF   |  LUT  | URAM|
+-----------------+---------+-------+--------+-------+-----+
|DSP              |        -|      -|       -|      -|    -|
|Expression       |        -|      -|       0|   1260|    -|
|FIFO             |        -|      -|       -|      -|    -|
|Instance         |        -|      -|       -|      -|    -|
|Memory           |        -|      -|       -|      -|    -|
|Multiplexer      |        -|      -|       -|    297|    -|
|Register         |        -|      -|     436|      -|    -|
+-----------------+---------+-------+--------+-------+-----+
|Total            |        0|      0|     436|   1557|    0|
+-----------------+---------+-------+--------+-------+-----+
|Available        |      280|    220|  106400|  53200|    0|
+-----------------+---------+-------+--------+-------+-----+
|Utilization (%)  |        0|      0|   ~0   |      2|    0|
+-----------------+---------+-------+--------+-------+-----+

+ Detail: 
    * Instance: 
    N/A

    * DSP48E: 
    N/A

    * Memory: 
    N/A

    * FIFO: 
    N/A

    * Expression: 
    +----------------------------------+----------+-------+---+----+------------+------------+
    |           Variable Name          | Operation| DSP48E| FF| LUT| Bitwidth P0| Bitwidth P1|
    +----------------------------------+----------+-------+---+----+------------+------------+
    |add_ln415_10_fu_738_p2            |     +    |      0|  0|  15|           9|           9|
    |add_ln415_11_fu_812_p2            |     +    |      0|  0|  15|           9|           9|
    |add_ln415_12_fu_886_p2            |     +    |      0|  0|  15|           9|           9|
    |add_ln415_13_fu_960_p2            |     +    |      0|  0|  15|           9|           9|
    |add_ln415_14_fu_1034_p2           |     +    |      0|  0|  15|           9|           9|
    |add_ln415_15_fu_1108_p2           |     +    |      0|  0|  15|           9|           9|
    |add_ln415_16_fu_1182_p2           |     +    |      0|  0|  15|           9|           9|
    |add_ln415_17_fu_1256_p2           |     +    |      0|  0|  15|           9|           9|
    |add_ln415_18_fu_1330_p2           |     +    |      0|  0|  15|           9|           9|
    |add_ln415_19_fu_1404_p2           |     +    |      0|  0|  15|           9|           9|
    |add_ln415_20_fu_1478_p2           |     +    |      0|  0|  15|           9|           9|
    |add_ln415_21_fu_1552_p2           |     +    |      0|  0|  15|           9|           9|
    |add_ln415_22_fu_1626_p2           |     +    |      0|  0|  15|           9|           9|
    |add_ln415_8_fu_590_p2             |     +    |      0|  0|  15|           9|           9|
    |add_ln415_9_fu_664_p2             |     +    |      0|  0|  15|           9|           9|
    |add_ln415_fu_516_p2               |     +    |      0|  0|  15|           9|           9|
    |and_ln415_10_fu_1246_p2           |    and   |      0|  0|   2|           1|           1|
    |and_ln415_11_fu_1320_p2           |    and   |      0|  0|   2|           1|           1|
    |and_ln415_12_fu_1394_p2           |    and   |      0|  0|   2|           1|           1|
    |and_ln415_13_fu_1468_p2           |    and   |      0|  0|   2|           1|           1|
    |and_ln415_14_fu_1542_p2           |    and   |      0|  0|   2|           1|           1|
    |and_ln415_15_fu_1616_p2           |    and   |      0|  0|   2|           1|           1|
    |and_ln415_1_fu_580_p2             |    and   |      0|  0|   2|           1|           1|
    |and_ln415_2_fu_654_p2             |    and   |      0|  0|   2|           1|           1|
    |and_ln415_3_fu_728_p2             |    and   |      0|  0|   2|           1|           1|
    |and_ln415_4_fu_802_p2             |    and   |      0|  0|   2|           1|           1|
    |and_ln415_5_fu_876_p2             |    and   |      0|  0|   2|           1|           1|
    |and_ln415_6_fu_950_p2             |    and   |      0|  0|   2|           1|           1|
    |and_ln415_7_fu_1024_p2            |    and   |      0|  0|   2|           1|           1|
    |and_ln415_8_fu_1098_p2            |    and   |      0|  0|   2|           1|           1|
    |and_ln415_9_fu_1172_p2            |    and   |      0|  0|   2|           1|           1|
    |and_ln415_fu_506_p2               |    and   |      0|  0|   2|           1|           1|
    |and_ln416_10_fu_1790_p2           |    and   |      0|  0|   2|           1|           1|
    |and_ln416_11_fu_1827_p2           |    and   |      0|  0|   2|           1|           1|
    |and_ln416_12_fu_1864_p2           |    and   |      0|  0|   2|           1|           1|
    |and_ln416_13_fu_1901_p2           |    and   |      0|  0|   2|           1|           1|
    |and_ln416_14_fu_1938_p2           |    and   |      0|  0|   2|           1|           1|
    |and_ln416_15_fu_1975_p2           |    and   |      0|  0|   2|           1|           1|
    |and_ln416_16_fu_2012_p2           |    and   |      0|  0|   2|           1|           1|
    |and_ln416_17_fu_2049_p2           |    and   |      0|  0|   2|           1|           1|
    |and_ln416_18_fu_2086_p2           |    and   |      0|  0|   2|           1|           1|
    |and_ln416_19_fu_2123_p2           |    and   |      0|  0|   2|           1|           1|
    |and_ln416_20_fu_2160_p2           |    and   |      0|  0|   2|           1|           1|
    |and_ln416_21_fu_2197_p2           |    and   |      0|  0|   2|           1|           1|
    |and_ln416_22_fu_2234_p2           |    and   |      0|  0|   2|           1|           1|
    |and_ln416_8_fu_1716_p2            |    and   |      0|  0|   2|           1|           1|
    |and_ln416_9_fu_1753_p2            |    and   |      0|  0|   2|           1|           1|
    |and_ln416_fu_1679_p2              |    and   |      0|  0|   2|           1|           1|
    |io_acc_block_signal_op4           |    and   |      0|  0|   2|           1|           1|
    |icmp_ln1494_10_fu_2024_p2         |   icmp   |      0|  0|  13|          16|           1|
    |icmp_ln1494_11_fu_2061_p2         |   icmp   |      0|  0|  13|          16|           1|
    |icmp_ln1494_12_fu_2098_p2         |   icmp   |      0|  0|  13|          16|           1|
    |icmp_ln1494_13_fu_2135_p2         |   icmp   |      0|  0|  13|          16|           1|
    |icmp_ln1494_14_fu_2172_p2         |   icmp   |      0|  0|  13|          16|           1|
    |icmp_ln1494_15_fu_2209_p2         |   icmp   |      0|  0|  13|          16|           1|
    |icmp_ln1494_1_fu_1691_p2          |   icmp   |      0|  0|  13|          16|           1|
    |icmp_ln1494_2_fu_1728_p2          |   icmp   |      0|  0|  13|          16|           1|
    |icmp_ln1494_3_fu_1765_p2          |   icmp   |      0|  0|  13|          16|           1|
    |icmp_ln1494_4_fu_1802_p2          |   icmp   |      0|  0|  13|          16|           1|
    |icmp_ln1494_5_fu_1839_p2          |   icmp   |      0|  0|  13|          16|           1|
    |icmp_ln1494_6_fu_1876_p2          |   icmp   |      0|  0|  13|          16|           1|
    |icmp_ln1494_7_fu_1913_p2          |   icmp   |      0|  0|  13|          16|           1|
    |icmp_ln1494_8_fu_1950_p2          |   icmp   |      0|  0|  13|          16|           1|
    |icmp_ln1494_9_fu_1987_p2          |   icmp   |      0|  0|  13|          16|           1|
    |icmp_ln1494_fu_1654_p2            |   icmp   |      0|  0|  13|          16|           1|
    |icmp_ln768_10_fu_760_p2           |   icmp   |      0|  0|  11|           5|           1|
    |icmp_ln768_11_fu_834_p2           |   icmp   |      0|  0|  11|           5|           1|
    |icmp_ln768_12_fu_908_p2           |   icmp   |      0|  0|  11|           5|           1|
    |icmp_ln768_13_fu_982_p2           |   icmp   |      0|  0|  11|           5|           1|
    |icmp_ln768_14_fu_1056_p2          |   icmp   |      0|  0|  11|           5|           1|
    |icmp_ln768_15_fu_1130_p2          |   icmp   |      0|  0|  11|           5|           1|
    |icmp_ln768_16_fu_1204_p2          |   icmp   |      0|  0|  11|           5|           1|
    |icmp_ln768_17_fu_1278_p2          |   icmp   |      0|  0|  11|           5|           1|
    |icmp_ln768_18_fu_1352_p2          |   icmp   |      0|  0|  11|           5|           1|
    |icmp_ln768_19_fu_1426_p2          |   icmp   |      0|  0|  11|           5|           1|
    |icmp_ln768_20_fu_1500_p2          |   icmp   |      0|  0|  11|           5|           1|
    |icmp_ln768_21_fu_1574_p2          |   icmp   |      0|  0|  11|           5|           1|
    |icmp_ln768_22_fu_1648_p2          |   icmp   |      0|  0|  11|           5|           1|
    |icmp_ln768_8_fu_612_p2            |   icmp   |      0|  0|  11|           5|           1|
    |icmp_ln768_9_fu_686_p2            |   icmp   |      0|  0|  11|           5|           1|
    |icmp_ln768_fu_538_p2              |   icmp   |      0|  0|  11|           5|           1|
    |icmp_ln879_10_fu_754_p2           |   icmp   |      0|  0|  11|           5|           2|
    |icmp_ln879_11_fu_828_p2           |   icmp   |      0|  0|  11|           5|           2|
    |icmp_ln879_12_fu_902_p2           |   icmp   |      0|  0|  11|           5|           2|
    |icmp_ln879_13_fu_976_p2           |   icmp   |      0|  0|  11|           5|           2|
    |icmp_ln879_14_fu_1050_p2          |   icmp   |      0|  0|  11|           5|           2|
    |icmp_ln879_15_fu_1124_p2          |   icmp   |      0|  0|  11|           5|           2|
    |icmp_ln879_16_fu_1198_p2          |   icmp   |      0|  0|  11|           5|           2|
    |icmp_ln879_17_fu_1272_p2          |   icmp   |      0|  0|  11|           5|           2|
    |icmp_ln879_18_fu_1346_p2          |   icmp   |      0|  0|  11|           5|           2|
    |icmp_ln879_19_fu_1420_p2          |   icmp   |      0|  0|  11|           5|           2|
    |icmp_ln879_20_fu_1494_p2          |   icmp   |      0|  0|  11|           5|           2|
    |icmp_ln879_21_fu_1568_p2          |   icmp   |      0|  0|  11|           5|           2|
    |icmp_ln879_22_fu_1642_p2          |   icmp   |      0|  0|  11|           5|           2|
    |icmp_ln879_8_fu_606_p2            |   icmp   |      0|  0|  11|           5|           2|
    |icmp_ln879_9_fu_680_p2            |   icmp   |      0|  0|  11|           5|           2|
    |icmp_ln879_fu_532_p2              |   icmp   |      0|  0|  11|           5|           2|
    |ap_block_pp0_stage0_01001         |    or    |      0|  0|   2|           1|           1|
    |ap_block_pp0_stage0_11001         |    or    |      0|  0|   2|           1|           1|
    |ap_block_state1_pp0_stage0_iter0  |    or    |      0|  0|   2|           1|           1|
    |ap_block_state3_pp0_stage0_iter2  |    or    |      0|  0|   2|           1|           1|
    |or_ln412_10_fu_1232_p2            |    or    |      0|  0|   2|           1|           1|
    |or_ln412_11_fu_1306_p2            |    or    |      0|  0|   2|           1|           1|
    |or_ln412_12_fu_1380_p2            |    or    |      0|  0|   2|           1|           1|
    |or_ln412_13_fu_1454_p2            |    or    |      0|  0|   2|           1|           1|
    |or_ln412_14_fu_1528_p2            |    or    |      0|  0|   2|           1|           1|
    |or_ln412_15_fu_1602_p2            |    or    |      0|  0|   2|           1|           1|
    |or_ln412_1_fu_566_p2              |    or    |      0|  0|   2|           1|           1|
    |or_ln412_2_fu_640_p2              |    or    |      0|  0|   2|           1|           1|
    |or_ln412_3_fu_714_p2              |    or    |      0|  0|   2|           1|           1|
    |or_ln412_4_fu_788_p2              |    or    |      0|  0|   2|           1|           1|
    |or_ln412_5_fu_862_p2              |    or    |      0|  0|   2|           1|           1|
    |or_ln412_6_fu_936_p2              |    or    |      0|  0|   2|           1|           1|
    |or_ln412_7_fu_1010_p2             |    or    |      0|  0|   2|           1|           1|
    |or_ln412_8_fu_1084_p2             |    or    |      0|  0|   2|           1|           1|
    |or_ln412_9_fu_1158_p2             |    or    |      0|  0|   2|           1|           1|
    |or_ln412_fu_492_p2                |    or    |      0|  0|   2|           1|           1|
    |select_ln340_10_fu_2291_p3        |  select  |      0|  0|   9|           1|           9|
    |select_ln340_11_fu_2306_p3        |  select  |      0|  0|   9|           1|           9|
    |select_ln340_12_fu_2321_p3        |  select  |      0|  0|   9|           1|           9|
    |select_ln340_13_fu_2336_p3        |  select  |      0|  0|   9|           1|           9|
    |select_ln340_14_fu_2351_p3        |  select  |      0|  0|   9|           1|           9|
    |select_ln340_15_fu_2366_p3        |  select  |      0|  0|   9|           1|           9|
    |select_ln340_16_fu_2381_p3        |  select  |      0|  0|   9|           1|           9|
    |select_ln340_17_fu_2396_p3        |  select  |      0|  0|   9|           1|           9|
    |select_ln340_18_fu_2411_p3        |  select  |      0|  0|   9|           1|           9|
    |select_ln340_19_fu_2426_p3        |  select  |      0|  0|   9|           1|           9|
    |select_ln340_20_fu_2441_p3        |  select  |      0|  0|   9|           1|           9|
    |select_ln340_21_fu_2456_p3        |  select  |      0|  0|   9|           1|           9|
    |select_ln340_22_fu_2471_p3        |  select  |      0|  0|   9|           1|           9|
    |select_ln340_8_fu_2261_p3         |  select  |      0|  0|   9|           1|           9|
    |select_ln340_9_fu_2276_p3         |  select  |      0|  0|   9|           1|           9|
    |select_ln340_fu_2246_p3           |  select  |      0|  0|   9|           1|           9|
    |select_ln777_10_fu_1796_p3        |  select  |      0|  0|   2|           1|           1|
    |select_ln777_11_fu_1833_p3        |  select  |      0|  0|   2|           1|           1|
    |select_ln777_12_fu_1870_p3        |  select  |      0|  0|   2|           1|           1|
    |select_ln777_13_fu_1907_p3        |  select  |      0|  0|   2|           1|           1|
    |select_ln777_14_fu_1944_p3        |  select  |      0|  0|   2|           1|           1|
    |select_ln777_15_fu_1981_p3        |  select  |      0|  0|   2|           1|           1|
    |select_ln777_16_fu_2018_p3        |  select  |      0|  0|   2|           1|           1|
    |select_ln777_17_fu_2055_p3        |  select  |      0|  0|   2|           1|           1|
    |select_ln777_18_fu_2092_p3        |  select  |      0|  0|   2|           1|           1|
    |select_ln777_19_fu_2129_p3        |  select  |      0|  0|   2|           1|           1|
    |select_ln777_20_fu_2166_p3        |  select  |      0|  0|   2|           1|           1|
    |select_ln777_21_fu_2203_p3        |  select  |      0|  0|   2|           1|           1|
    |select_ln777_22_fu_2240_p3        |  select  |      0|  0|   2|           1|           1|
    |select_ln777_8_fu_1722_p3         |  select  |      0|  0|   2|           1|           1|
    |select_ln777_9_fu_1759_p3         |  select  |      0|  0|   2|           1|           1|
    |select_ln777_fu_1685_p3           |  select  |      0|  0|   2|           1|           1|
    |tmp_data_0_V_fu_2253_p3           |  select  |      0|  0|   9|           1|           9|
    |tmp_data_10_V_fu_2403_p3          |  select  |      0|  0|   9|           1|           9|
    |tmp_data_11_V_fu_2418_p3          |  select  |      0|  0|   9|           1|           9|
    |tmp_data_12_V_fu_2433_p3          |  select  |      0|  0|   9|           1|           9|
    |tmp_data_13_V_fu_2448_p3          |  select  |      0|  0|   9|           1|           9|
    |tmp_data_14_V_fu_2463_p3          |  select  |      0|  0|   9|           1|           9|
    |tmp_data_15_V_fu_2478_p3          |  select  |      0|  0|   9|           1|           9|
    |tmp_data_1_V_fu_2268_p3           |  select  |      0|  0|   9|           1|           9|
    |tmp_data_2_V_fu_2283_p3           |  select  |      0|  0|   9|           1|           9|
    |tmp_data_3_V_fu_2298_p3           |  select  |      0|  0|   9|           1|           9|
    |tmp_data_4_V_fu_2313_p3           |  select  |      0|  0|   9|           1|           9|
    |tmp_data_5_V_fu_2328_p3           |  select  |      0|  0|   9|           1|           9|
    |tmp_data_6_V_fu_2343_p3           |  select  |      0|  0|   9|           1|           9|
    |tmp_data_7_V_fu_2358_p3           |  select  |      0|  0|   9|           1|           9|
    |tmp_data_8_V_fu_2373_p3           |  select  |      0|  0|   9|           1|           9|
    |tmp_data_9_V_fu_2388_p3           |  select  |      0|  0|   9|           1|           9|
    |ap_enable_pp0                     |    xor   |      0|  0|   2|           1|           2|
    |xor_ln416_10_fu_1784_p2           |    xor   |      0|  0|   2|           1|           2|
    |xor_ln416_11_fu_1821_p2           |    xor   |      0|  0|   2|           1|           2|
    |xor_ln416_12_fu_1858_p2           |    xor   |      0|  0|   2|           1|           2|
    |xor_ln416_13_fu_1895_p2           |    xor   |      0|  0|   2|           1|           2|
    |xor_ln416_14_fu_1932_p2           |    xor   |      0|  0|   2|           1|           2|
    |xor_ln416_15_fu_1969_p2           |    xor   |      0|  0|   2|           1|           2|
    |xor_ln416_16_fu_2006_p2           |    xor   |      0|  0|   2|           1|           2|
    |xor_ln416_17_fu_2043_p2           |    xor   |      0|  0|   2|           1|           2|
    |xor_ln416_18_fu_2080_p2           |    xor   |      0|  0|   2|           1|           2|
    |xor_ln416_19_fu_2117_p2           |    xor   |      0|  0|   2|           1|           2|
    |xor_ln416_20_fu_2154_p2           |    xor   |      0|  0|   2|           1|           2|
    |xor_ln416_21_fu_2191_p2           |    xor   |      0|  0|   2|           1|           2|
    |xor_ln416_22_fu_2228_p2           |    xor   |      0|  0|   2|           1|           2|
    |xor_ln416_8_fu_1710_p2            |    xor   |      0|  0|   2|           1|           2|
    |xor_ln416_9_fu_1747_p2            |    xor   |      0|  0|   2|           1|           2|
    |xor_ln416_fu_1673_p2              |    xor   |      0|  0|   2|           1|           2|
    +----------------------------------+----------+-------+---+----+------------+------------+
    |Total                             |          |      0|  0|1260|         678|         599|
    +----------------------------------+----------+-------+---+----+------------+------------+

    * Multiplexer: 
    +-----------------------------+----+-----------+-----+-----------+
    |             Name            | LUT| Input Size| Bits| Total Bits|
    +-----------------------------+----+-----------+-----+-----------+
    |ap_done                      |   9|          2|    1|          2|
    |data_V_data_0_V_blk_n        |   9|          2|    1|          2|
    |data_V_data_10_V_blk_n       |   9|          2|    1|          2|
    |data_V_data_11_V_blk_n       |   9|          2|    1|          2|
    |data_V_data_12_V_blk_n       |   9|          2|    1|          2|
    |data_V_data_13_V_blk_n       |   9|          2|    1|          2|
    |data_V_data_14_V_blk_n       |   9|          2|    1|          2|
    |data_V_data_15_V_blk_n       |   9|          2|    1|          2|
    |data_V_data_1_V_blk_n        |   9|          2|    1|          2|
    |data_V_data_2_V_blk_n        |   9|          2|    1|          2|
    |data_V_data_3_V_blk_n        |   9|          2|    1|          2|
    |data_V_data_4_V_blk_n        |   9|          2|    1|          2|
    |data_V_data_5_V_blk_n        |   9|          2|    1|          2|
    |data_V_data_6_V_blk_n        |   9|          2|    1|          2|
    |data_V_data_7_V_blk_n        |   9|          2|    1|          2|
    |data_V_data_8_V_blk_n        |   9|          2|    1|          2|
    |data_V_data_9_V_blk_n        |   9|          2|    1|          2|
    |res_V_data_0_V_TDATA_blk_n   |   9|          2|    1|          2|
    |res_V_data_10_V_TDATA_blk_n  |   9|          2|    1|          2|
    |res_V_data_11_V_TDATA_blk_n  |   9|          2|    1|          2|
    |res_V_data_12_V_TDATA_blk_n  |   9|          2|    1|          2|
    |res_V_data_13_V_TDATA_blk_n  |   9|          2|    1|          2|
    |res_V_data_14_V_TDATA_blk_n  |   9|          2|    1|          2|
    |res_V_data_15_V_TDATA_blk_n  |   9|          2|    1|          2|
    |res_V_data_1_V_TDATA_blk_n   |   9|          2|    1|          2|
    |res_V_data_2_V_TDATA_blk_n   |   9|          2|    1|          2|
    |res_V_data_3_V_TDATA_blk_n   |   9|          2|    1|          2|
    |res_V_data_4_V_TDATA_blk_n   |   9|          2|    1|          2|
    |res_V_data_5_V_TDATA_blk_n   |   9|          2|    1|          2|
    |res_V_data_6_V_TDATA_blk_n   |   9|          2|    1|          2|
    |res_V_data_7_V_TDATA_blk_n   |   9|          2|    1|          2|
    |res_V_data_8_V_TDATA_blk_n   |   9|          2|    1|          2|
    |res_V_data_9_V_TDATA_blk_n   |   9|          2|    1|          2|
    +-----------------------------+----+-----------+-----+-----------+
    |Total                        | 297|         66|   33|         66|
    +-----------------------------+----+-----------+-----+-----------+

    * Register: 
    +-------------------------+----+----+-----+-----------+
    |           Name          | FF | LUT| Bits| Const Bits|
    +-------------------------+----+----+-----+-----------+
    |add_ln415_10_reg_2710    |   9|   0|    9|          0|
    |add_ln415_11_reg_2726    |   9|   0|    9|          0|
    |add_ln415_12_reg_2742    |   9|   0|    9|          0|
    |add_ln415_13_reg_2758    |   9|   0|    9|          0|
    |add_ln415_14_reg_2774    |   9|   0|    9|          0|
    |add_ln415_15_reg_2790    |   9|   0|    9|          0|
    |add_ln415_16_reg_2806    |   9|   0|    9|          0|
    |add_ln415_17_reg_2822    |   9|   0|    9|          0|
    |add_ln415_18_reg_2838    |   9|   0|    9|          0|
    |add_ln415_19_reg_2854    |   9|   0|    9|          0|
    |add_ln415_20_reg_2870    |   9|   0|    9|          0|
    |add_ln415_21_reg_2886    |   9|   0|    9|          0|
    |add_ln415_22_reg_2902    |   9|   0|    9|          0|
    |add_ln415_8_reg_2678     |   9|   0|    9|          0|
    |add_ln415_9_reg_2694     |   9|   0|    9|          0|
    |add_ln415_reg_2662       |   9|   0|    9|          0|
    |ap_CS_fsm                |   1|   0|    1|          0|
    |ap_done_reg              |   1|   0|    1|          0|
    |ap_enable_reg_pp0_iter1  |   1|   0|    1|          0|
    |ap_enable_reg_pp0_iter2  |   1|   0|    1|          0|
    |icmp_ln768_10_reg_2721   |   1|   0|    1|          0|
    |icmp_ln768_11_reg_2737   |   1|   0|    1|          0|
    |icmp_ln768_12_reg_2753   |   1|   0|    1|          0|
    |icmp_ln768_13_reg_2769   |   1|   0|    1|          0|
    |icmp_ln768_14_reg_2785   |   1|   0|    1|          0|
    |icmp_ln768_15_reg_2801   |   1|   0|    1|          0|
    |icmp_ln768_16_reg_2817   |   1|   0|    1|          0|
    |icmp_ln768_17_reg_2833   |   1|   0|    1|          0|
    |icmp_ln768_18_reg_2849   |   1|   0|    1|          0|
    |icmp_ln768_19_reg_2865   |   1|   0|    1|          0|
    |icmp_ln768_20_reg_2881   |   1|   0|    1|          0|
    |icmp_ln768_21_reg_2897   |   1|   0|    1|          0|
    |icmp_ln768_22_reg_2913   |   1|   0|    1|          0|
    |icmp_ln768_8_reg_2689    |   1|   0|    1|          0|
    |icmp_ln768_9_reg_2705    |   1|   0|    1|          0|
    |icmp_ln768_reg_2673      |   1|   0|    1|          0|
    |icmp_ln879_10_reg_2716   |   1|   0|    1|          0|
    |icmp_ln879_11_reg_2732   |   1|   0|    1|          0|
    |icmp_ln879_12_reg_2748   |   1|   0|    1|          0|
    |icmp_ln879_13_reg_2764   |   1|   0|    1|          0|
    |icmp_ln879_14_reg_2780   |   1|   0|    1|          0|
    |icmp_ln879_15_reg_2796   |   1|   0|    1|          0|
    |icmp_ln879_16_reg_2812   |   1|   0|    1|          0|
    |icmp_ln879_17_reg_2828   |   1|   0|    1|          0|
    |icmp_ln879_18_reg_2844   |   1|   0|    1|          0|
    |icmp_ln879_19_reg_2860   |   1|   0|    1|          0|
    |icmp_ln879_20_reg_2876   |   1|   0|    1|          0|
    |icmp_ln879_21_reg_2892   |   1|   0|    1|          0|
    |icmp_ln879_22_reg_2908   |   1|   0|    1|          0|
    |icmp_ln879_8_reg_2684    |   1|   0|    1|          0|
    |icmp_ln879_9_reg_2700    |   1|   0|    1|          0|
    |icmp_ln879_reg_2668      |   1|   0|    1|          0|
    |tmp_data_V_0_reg_2566    |  16|   0|   16|          0|
    |tmp_data_V_10_reg_2626   |  16|   0|   16|          0|
    |tmp_data_V_11_reg_2632   |  16|   0|   16|          0|
    |tmp_data_V_12_reg_2638   |  16|   0|   16|          0|
    |tmp_data_V_13_reg_2644   |  16|   0|   16|          0|
    |tmp_data_V_14_reg_2650   |  16|   0|   16|          0|
    |tmp_data_V_15_reg_2656   |  16|   0|   16|          0|
    |tmp_data_V_1_reg_2572    |  16|   0|   16|          0|
    |tmp_data_V_2_reg_2578    |  16|   0|   16|          0|
    |tmp_data_V_3_reg_2584    |  16|   0|   16|          0|
    |tmp_data_V_4_reg_2590    |  16|   0|   16|          0|
    |tmp_data_V_526_reg_2596  |  16|   0|   16|          0|
    |tmp_data_V_6_reg_2602    |  16|   0|   16|          0|
    |tmp_data_V_7_reg_2608    |  16|   0|   16|          0|
    |tmp_data_V_8_reg_2614    |  16|   0|   16|          0|
    |tmp_data_V_9_reg_2620    |  16|   0|   16|          0|
    +-------------------------+----+----+-----+-----------+
    |Total                    | 436|   0|  436|          0|
    +-------------------------+----+----+-----+-----------+



================================================================
== Interface
================================================================
* Summary: 
+--------------------------+-----+-----+------------+------------------------------------------------------------------------+--------------+
|         RTL Ports        | Dir | Bits|  Protocol  |                              Source Object                             |    C Type    |
+--------------------------+-----+-----+------------+------------------------------------------------------------------------+--------------+
|ap_clk                    |  in |    1| ap_ctrl_hs | relu<array<ap_fixed,16u>,array<ap_ufixed<9,1,4,0,0>,16u>,relu_config9> | return value |
|ap_rst                    |  in |    1| ap_ctrl_hs | relu<array<ap_fixed,16u>,array<ap_ufixed<9,1,4,0,0>,16u>,relu_config9> | return value |
|ap_start                  |  in |    1| ap_ctrl_hs | relu<array<ap_fixed,16u>,array<ap_ufixed<9,1,4,0,0>,16u>,relu_config9> | return value |
|ap_done                   | out |    1| ap_ctrl_hs | relu<array<ap_fixed,16u>,array<ap_ufixed<9,1,4,0,0>,16u>,relu_config9> | return value |
|ap_continue               |  in |    1| ap_ctrl_hs | relu<array<ap_fixed,16u>,array<ap_ufixed<9,1,4,0,0>,16u>,relu_config9> | return value |
|ap_idle                   | out |    1| ap_ctrl_hs | relu<array<ap_fixed,16u>,array<ap_ufixed<9,1,4,0,0>,16u>,relu_config9> | return value |
|ap_ready                  | out |    1| ap_ctrl_hs | relu<array<ap_fixed,16u>,array<ap_ufixed<9,1,4,0,0>,16u>,relu_config9> | return value |
|data_V_data_0_V_dout      |  in |   16|   ap_fifo  |                             data_V_data_0_V                            |    pointer   |
|data_V_data_0_V_empty_n   |  in |    1|   ap_fifo  |                             data_V_data_0_V                            |    pointer   |
|data_V_data_0_V_read      | out |    1|   ap_fifo  |                             data_V_data_0_V                            |    pointer   |
|data_V_data_1_V_dout      |  in |   16|   ap_fifo  |                             data_V_data_1_V                            |    pointer   |
|data_V_data_1_V_empty_n   |  in |    1|   ap_fifo  |                             data_V_data_1_V                            |    pointer   |
|data_V_data_1_V_read      | out |    1|   ap_fifo  |                             data_V_data_1_V                            |    pointer   |
|data_V_data_2_V_dout      |  in |   16|   ap_fifo  |                             data_V_data_2_V                            |    pointer   |
|data_V_data_2_V_empty_n   |  in |    1|   ap_fifo  |                             data_V_data_2_V                            |    pointer   |
|data_V_data_2_V_read      | out |    1|   ap_fifo  |                             data_V_data_2_V                            |    pointer   |
|data_V_data_3_V_dout      |  in |   16|   ap_fifo  |                             data_V_data_3_V                            |    pointer   |
|data_V_data_3_V_empty_n   |  in |    1|   ap_fifo  |                             data_V_data_3_V                            |    pointer   |
|data_V_data_3_V_read      | out |    1|   ap_fifo  |                             data_V_data_3_V                            |    pointer   |
|data_V_data_4_V_dout      |  in |   16|   ap_fifo  |                             data_V_data_4_V                            |    pointer   |
|data_V_data_4_V_empty_n   |  in |    1|   ap_fifo  |                             data_V_data_4_V                            |    pointer   |
|data_V_data_4_V_read      | out |    1|   ap_fifo  |                             data_V_data_4_V                            |    pointer   |
|data_V_data_5_V_dout      |  in |   16|   ap_fifo  |                             data_V_data_5_V                            |    pointer   |
|data_V_data_5_V_empty_n   |  in |    1|   ap_fifo  |                             data_V_data_5_V                            |    pointer   |
|data_V_data_5_V_read      | out |    1|   ap_fifo  |                             data_V_data_5_V                            |    pointer   |
|data_V_data_6_V_dout      |  in |   16|   ap_fifo  |                             data_V_data_6_V                            |    pointer   |
|data_V_data_6_V_empty_n   |  in |    1|   ap_fifo  |                             data_V_data_6_V                            |    pointer   |
|data_V_data_6_V_read      | out |    1|   ap_fifo  |                             data_V_data_6_V                            |    pointer   |
|data_V_data_7_V_dout      |  in |   16|   ap_fifo  |                             data_V_data_7_V                            |    pointer   |
|data_V_data_7_V_empty_n   |  in |    1|   ap_fifo  |                             data_V_data_7_V                            |    pointer   |
|data_V_data_7_V_read      | out |    1|   ap_fifo  |                             data_V_data_7_V                            |    pointer   |
|data_V_data_8_V_dout      |  in |   16|   ap_fifo  |                             data_V_data_8_V                            |    pointer   |
|data_V_data_8_V_empty_n   |  in |    1|   ap_fifo  |                             data_V_data_8_V                            |    pointer   |
|data_V_data_8_V_read      | out |    1|   ap_fifo  |                             data_V_data_8_V                            |    pointer   |
|data_V_data_9_V_dout      |  in |   16|   ap_fifo  |                             data_V_data_9_V                            |    pointer   |
|data_V_data_9_V_empty_n   |  in |    1|   ap_fifo  |                             data_V_data_9_V                            |    pointer   |
|data_V_data_9_V_read      | out |    1|   ap_fifo  |                             data_V_data_9_V                            |    pointer   |
|data_V_data_10_V_dout     |  in |   16|   ap_fifo  |                            data_V_data_10_V                            |    pointer   |
|data_V_data_10_V_empty_n  |  in |    1|   ap_fifo  |                            data_V_data_10_V                            |    pointer   |
|data_V_data_10_V_read     | out |    1|   ap_fifo  |                            data_V_data_10_V                            |    pointer   |
|data_V_data_11_V_dout     |  in |   16|   ap_fifo  |                            data_V_data_11_V                            |    pointer   |
|data_V_data_11_V_empty_n  |  in |    1|   ap_fifo  |                            data_V_data_11_V                            |    pointer   |
|data_V_data_11_V_read     | out |    1|   ap_fifo  |                            data_V_data_11_V                            |    pointer   |
|data_V_data_12_V_dout     |  in |   16|   ap_fifo  |                            data_V_data_12_V                            |    pointer   |
|data_V_data_12_V_empty_n  |  in |    1|   ap_fifo  |                            data_V_data_12_V                            |    pointer   |
|data_V_data_12_V_read     | out |    1|   ap_fifo  |                            data_V_data_12_V                            |    pointer   |
|data_V_data_13_V_dout     |  in |   16|   ap_fifo  |                            data_V_data_13_V                            |    pointer   |
|data_V_data_13_V_empty_n  |  in |    1|   ap_fifo  |                            data_V_data_13_V                            |    pointer   |
|data_V_data_13_V_read     | out |    1|   ap_fifo  |                            data_V_data_13_V                            |    pointer   |
|data_V_data_14_V_dout     |  in |   16|   ap_fifo  |                            data_V_data_14_V                            |    pointer   |
|data_V_data_14_V_empty_n  |  in |    1|   ap_fifo  |                            data_V_data_14_V                            |    pointer   |
|data_V_data_14_V_read     | out |    1|   ap_fifo  |                            data_V_data_14_V                            |    pointer   |
|data_V_data_15_V_dout     |  in |   16|   ap_fifo  |                            data_V_data_15_V                            |    pointer   |
|data_V_data_15_V_empty_n  |  in |    1|   ap_fifo  |                            data_V_data_15_V                            |    pointer   |
|data_V_data_15_V_read     | out |    1|   ap_fifo  |                            data_V_data_15_V                            |    pointer   |
|res_V_data_0_V_TREADY     |  in |    1|    axis    |                             res_V_data_0_V                             |    pointer   |
|res_V_data_0_V_TDATA      | out |   16|    axis    |                             res_V_data_0_V                             |    pointer   |
|res_V_data_0_V_TVALID     | out |    1|    axis    |                             res_V_data_0_V                             |    pointer   |
|res_V_data_1_V_TDATA      | out |   16|    axis    |                             res_V_data_1_V                             |    pointer   |
|res_V_data_1_V_TVALID     | out |    1|    axis    |                             res_V_data_1_V                             |    pointer   |
|res_V_data_1_V_TREADY     |  in |    1|    axis    |                             res_V_data_1_V                             |    pointer   |
|res_V_data_2_V_TDATA      | out |   16|    axis    |                             res_V_data_2_V                             |    pointer   |
|res_V_data_2_V_TVALID     | out |    1|    axis    |                             res_V_data_2_V                             |    pointer   |
|res_V_data_2_V_TREADY     |  in |    1|    axis    |                             res_V_data_2_V                             |    pointer   |
|res_V_data_3_V_TDATA      | out |   16|    axis    |                             res_V_data_3_V                             |    pointer   |
|res_V_data_3_V_TVALID     | out |    1|    axis    |                             res_V_data_3_V                             |    pointer   |
|res_V_data_3_V_TREADY     |  in |    1|    axis    |                             res_V_data_3_V                             |    pointer   |
|res_V_data_4_V_TDATA      | out |   16|    axis    |                             res_V_data_4_V                             |    pointer   |
|res_V_data_4_V_TVALID     | out |    1|    axis    |                             res_V_data_4_V                             |    pointer   |
|res_V_data_4_V_TREADY     |  in |    1|    axis    |                             res_V_data_4_V                             |    pointer   |
|res_V_data_5_V_TDATA      | out |   16|    axis    |                             res_V_data_5_V                             |    pointer   |
|res_V_data_5_V_TVALID     | out |    1|    axis    |                             res_V_data_5_V                             |    pointer   |
|res_V_data_5_V_TREADY     |  in |    1|    axis    |                             res_V_data_5_V                             |    pointer   |
|res_V_data_6_V_TDATA      | out |   16|    axis    |                             res_V_data_6_V                             |    pointer   |
|res_V_data_6_V_TVALID     | out |    1|    axis    |                             res_V_data_6_V                             |    pointer   |
|res_V_data_6_V_TREADY     |  in |    1|    axis    |                             res_V_data_6_V                             |    pointer   |
|res_V_data_7_V_TDATA      | out |   16|    axis    |                             res_V_data_7_V                             |    pointer   |
|res_V_data_7_V_TVALID     | out |    1|    axis    |                             res_V_data_7_V                             |    pointer   |
|res_V_data_7_V_TREADY     |  in |    1|    axis    |                             res_V_data_7_V                             |    pointer   |
|res_V_data_8_V_TDATA      | out |   16|    axis    |                             res_V_data_8_V                             |    pointer   |
|res_V_data_8_V_TVALID     | out |    1|    axis    |                             res_V_data_8_V                             |    pointer   |
|res_V_data_8_V_TREADY     |  in |    1|    axis    |                             res_V_data_8_V                             |    pointer   |
|res_V_data_9_V_TDATA      | out |   16|    axis    |                             res_V_data_9_V                             |    pointer   |
|res_V_data_9_V_TVALID     | out |    1|    axis    |                             res_V_data_9_V                             |    pointer   |
|res_V_data_9_V_TREADY     |  in |    1|    axis    |                             res_V_data_9_V                             |    pointer   |
|res_V_data_10_V_TDATA     | out |   16|    axis    |                             res_V_data_10_V                            |    pointer   |
|res_V_data_10_V_TVALID    | out |    1|    axis    |                             res_V_data_10_V                            |    pointer   |
|res_V_data_10_V_TREADY    |  in |    1|    axis    |                             res_V_data_10_V                            |    pointer   |
|res_V_data_11_V_TDATA     | out |   16|    axis    |                             res_V_data_11_V                            |    pointer   |
|res_V_data_11_V_TVALID    | out |    1|    axis    |                             res_V_data_11_V                            |    pointer   |
|res_V_data_11_V_TREADY    |  in |    1|    axis    |                             res_V_data_11_V                            |    pointer   |
|res_V_data_12_V_TDATA     | out |   16|    axis    |                             res_V_data_12_V                            |    pointer   |
|res_V_data_12_V_TVALID    | out |    1|    axis    |                             res_V_data_12_V                            |    pointer   |
|res_V_data_12_V_TREADY    |  in |    1|    axis    |                             res_V_data_12_V                            |    pointer   |
|res_V_data_13_V_TDATA     | out |   16|    axis    |                             res_V_data_13_V                            |    pointer   |
|res_V_data_13_V_TVALID    | out |    1|    axis    |                             res_V_data_13_V                            |    pointer   |
|res_V_data_13_V_TREADY    |  in |    1|    axis    |                             res_V_data_13_V                            |    pointer   |
|res_V_data_14_V_TDATA     | out |   16|    axis    |                             res_V_data_14_V                            |    pointer   |
|res_V_data_14_V_TVALID    | out |    1|    axis    |                             res_V_data_14_V                            |    pointer   |
|res_V_data_14_V_TREADY    |  in |    1|    axis    |                             res_V_data_14_V                            |    pointer   |
|res_V_data_15_V_TDATA     | out |   16|    axis    |                             res_V_data_15_V                            |    pointer   |
|res_V_data_15_V_TVALID    | out |    1|    axis    |                             res_V_data_15_V                            |    pointer   |
|res_V_data_15_V_TREADY    |  in |    1|    axis    |                             res_V_data_15_V                            |    pointer   |
+--------------------------+-----+-----+------------+------------------------------------------------------------------------+--------------+

